Arguments: 
  C:\Program Files\nodejs-16\node.exe C:\Users\Acer\.node\corepack\yarn\1.22.15\bin\yarn.js init

PATH: 
  C:\Program Files (x86)\Microsoft SDKs\Azure\CLI2\wbin;C:\Python39\Scripts\;C:\Python39\;C:\Windows\system32;C:\Windows;C:\Windows\System32\Wbem;C:\Windows\System32\WindowsPowerShell\v1.0\;C:\Windows\System32\OpenSSH\;C:\ProgramData\chocolatey\bin;C:\Program Files\Git\cmd;C:\Users\Acer\AppData\Roaming\Python\Python39\Scripts;C:\Program Files\Go\bin;C:\Program Files\OpenJDK\openjdk-11.0.14.1_1\bin;C:\Program Files\nodejs-16\;C:\Users\Acer\AppData\Local\Microsoft\WindowsApps;C:\Users\Acer\AppData\Local\Programs\Microsoft VS Code\bin;C:\Program Files\MongoDB\Server\5.0\bin;C:\Users\Acer\AppData\Local\Android\Sdk\platform-tools;C:\Users\Acer\go\bin;C:\Program Files\heroku\bin;C:\Users\Acer\AppData\Roaming\npm;C:\Users\Acer\AppData\Local\Google\Cloud SDK\google-cloud-sdk\bin

Yarn version: 
  1.22.15

Node version: 
  16.16.0

Platform: 
  win32 x64

Trace: 
  Error: canceled
      at Interface.<anonymous> (C:\Users\Acer\.node\corepack\yarn\1.22.15\lib\cli.js:137145:13)
      at Interface.emit (node:events:527:28)
      at Interface._ttyWrite (node:readline:1081:16)
      at ReadStream.onkeypress (node:readline:288:10)
      at ReadStream.emit (node:events:527:28)
      at emitKeys (node:internal/readline/utils:358:14)
      at emitKeys.next (<anonymous>)
      at ReadStream.onData (node:internal/readline/emitKeypressEvents:61:36)
      at ReadStream.emit (node:events:527:28)
      at addChunk (node:internal/streams/readable:315:12)

npm manifest: 
  No manifest

yarn manifest: 
  No manifest

Lockfile: 
  # THIS IS AN AUTOGENERATED FILE. DO NOT EDIT THIS FILE DIRECTLY.
  # yarn lockfile v1
